Installation was successful. You may use the USB when ready.
Installation was successful. You may use the USB when ready.
Installation was successful. You may use the USB when ready.
Installation was successful. You may use the USB when ready.
Installation was successful. You may use the USB when ready.
Installation was successful. You may use the USB when ready.
Installation was successful. You may use the USB when ready.
Installation was successful. You may use the USB when ready.
Installation was successful. You may use the USB when ready.
Installation to /dev/sdd was successful. You may use the USB when ready.
Installation to /dev/sdd was successful. You may use the USB when ready.
Installation to /dev/sdc was successful. You may use the USB when ready.
Installation to /dev/sdc was successful. You may use the USB when ready.
Installation to /dev/sdf was successful. You may use the USB when ready.
Installation to /dev/sdh was successful. You may use the USB when ready.
Installation to /dev/sdi was successful. You may use the USB when ready.
Installation to /dev/sdj was successful. You may use the USB when ready.
Installation to /dev/sdk was successful. You may use the USB when ready.
Installation to /dev/sdc was successful. You may use the USB when ready.
Installation to /dev/sdc was successful. You may use the USB when ready.
Installation to /dev/sda was successful. You may use the USB when ready.
Installation to /dev/sdc was successful. You may use the USB when ready.
